[1mInternational School of Beijing: 
    Languages available: 
        Languages:  ['en', 'arz', 'it', 'zh']
    Latest revisions: 
        Week:  2022-18 Revisions:  1
        Week:  2022-16 Revisions:  4
    Pageviews: 
        Week:  2022-12 Pageviews:  108
        Week:  2022-13 Pageviews:  131
        Week:  2022-14 Pageviews:  107
        Week:  2022-15 Pageviews:  134
        Week:  2022-16 Pageviews:  195
        Week:  2022-17 Pageviews:  163
        Week:  2022-18 Pageviews:  115
        Week:  2022-19 Pageviews:  123
        Week:  2022-20 Pageviews:  94
[1mWestern Academy of Beijing: 
    Languages available: 
        Languages:  ['en', 'arz', 'da', 'de', 'es', 'fi', 'fr', 'ja', 'ko', 'nb', 'ru']
    Latest revisions: 
        Week:  2022-18 Revisions:  4
        Week:  2022-9 Revisions:  1
    Pageviews: 
        Week:  2022-12 Pageviews:  64
        Week:  2022-13 Pageviews:  62
        Week:  2022-14 Pageviews:  63
        Week:  2022-15 Pageviews:  78
        Week:  2022-16 Pageviews:  91
        Week:  2022-17 Pageviews:  96
        Week:  2022-18 Pageviews:  82
        Week:  2022-19 Pageviews:  47
        Week:  2022-20 Pageviews:  57
[1mDulwich College Beijing: 
    Languages available: 
        Languages:  ['en', 'zh']
    Latest revisions: 
        Week:  2022-11 Revisions:  2
        Week:  2022-10 Revisions:  3
    Pageviews: 
        Week:  2022-12 Pageviews:  75
        Week:  2022-13 Pageviews:  52
        Week:  2022-14 Pageviews:  77
        Week:  2022-15 Pageviews:  74
        Week:  2022-16 Pageviews:  124
        Week:  2022-17 Pageviews:  88
        Week:  2022-18 Pageviews:  72
        Week:  2022-19 Pageviews:  271
        Week:  2022-20 Pageviews:  89
[1mHarrow International School Beijing: 
    Languages available: 
        Languages:  ['en', 'zh']
    Latest revisions: 
        Week:  2022-20 Revisions:  3
        Week:  2022-18 Revisions:  1
        Week:  2022-16 Revisions:  1
    Pageviews: 
        Week:  2022-12 Pageviews:  26
        Week:  2022-13 Pageviews:  42
        Week:  2022-14 Pageviews:  30
        Week:  2022-15 Pageviews:  40
        Week:  2022-16 Pageviews:  543
        Week:  2022-17 Pageviews:  111
        Week:  2022-18 Pageviews:  69
        Week:  2022-19 Pageviews:  85
        Week:  2022-20 Pageviews:  302
[1mCanadian International School of Beijing: 
    Languages available: 
        Languages:  ['en', 'zh']
    Latest revisions: 
        Week:  2022-18 Revisions:  1
        Week:  2022-10 Revisions:  1
    Pageviews: 
        Week:  2022-12 Pageviews:  19
        Week:  2022-13 Pageviews:  21
        Week:  2022-14 Pageviews:  26
        Week:  2022-15 Pageviews:  18
        Week:  2022-16 Pageviews:  35
        Week:  2022-17 Pageviews:  34
        Week:  2022-18 Pageviews:  29
        Week:  2022-19 Pageviews:  21
        Week:  2022-20 Pageviews:  33
[1mYew Chung International School of Beijing: 
    Languages available: 
        Languages:  ['en', 'arz', 'zh']
    Latest revisions: 
        Week:  2022-18 Revisions:  1
    Pageviews: 
        Week:  2022-12 Pageviews:  20
        Week:  2022-13 Pageviews:  25
        Week:  2022-14 Pageviews:  21
        Week:  2022-15 Pageviews:  26
        Week:  2022-16 Pageviews:  25
        Week:  2022-17 Pageviews:  37
        Week:  2022-18 Pageviews:  23
        Week:  2022-19 Pageviews:  23
        Week:  2022-20 Pageviews:  15
[1mShanghai High School International Division: 
    Languages available: 
        Languages:  ['en', 'ar']
    Latest revisions: 
        Week:  2022-11 Revisions:  2
        Week:  2022-7 Revisions:  1
    Pageviews: 
        Week:  2022-12 Pageviews:  91
        Week:  2022-13 Pageviews:  93
        Week:  2022-14 Pageviews:  48
        Week:  2022-15 Pageviews:  70
        Week:  2022-16 Pageviews:  81
        Week:  2022-17 Pageviews:  90
        Week:  2022-18 Pageviews:  96
        Week:  2022-19 Pageviews:  78
        Week:  2022-20 Pageviews:  53
[1mShanghai American School: 
    Languages available: 
        Languages:  ['en', 'arz', 'ja', 'ko', 'zh']
    Latest revisions: 
        Week:  2022-12 Revisions:  1
        Week:  2022-2 Revisions:  1
        Week:  2022-1 Revisions:  3
    Pageviews: 
        Week:  2022-12 Pageviews:  100
        Week:  2022-13 Pageviews:  165
        Week:  2022-14 Pageviews:  144
        Week:  2022-15 Pageviews:  159
        Week:  2022-16 Pageviews:  184
        Week:  2022-17 Pageviews:  182
        Week:  2022-18 Pageviews:  146
        Week:  2022-19 Pageviews:  163
        Week:  2022-20 Pageviews:  88
[1mConcordia International School Shanghai: 
    Languages available: 
        Languages:  ['en', 'arz', 'ko', 'zh']
    Latest revisions: 
        Week:  2022-20 Revisions:  2
        Week:  2022-12 Revisions:  3
    Pageviews: 
        Week:  2022-12 Pageviews:  46
        Week:  2022-13 Pageviews:  66
        Week:  2022-14 Pageviews:  56
        Week:  2022-15 Pageviews:  59
        Week:  2022-16 Pageviews:  89
        Week:  2022-17 Pageviews:  63
        Week:  2022-18 Pageviews:  64
        Week:  2022-19 Pageviews:  53
        Week:  2022-20 Pageviews:  58
[1mWestern International School of Shanghai: 
    Languages available: 
        Languages:  ['en']
    Latest revisions: 
        No Revisions
    Pageviews: 
        Week:  2022-12 Pageviews:  19
        Week:  2022-13 Pageviews:  17
        Week:  2022-14 Pageviews:  23
        Week:  2022-15 Pageviews:  19
        Week:  2022-16 Pageviews:  20
        Week:  2022-17 Pageviews:  18
        Week:  2022-18 Pageviews:  16
        Week:  2022-19 Pageviews:  12
        Week:  2022-20 Pageviews:  9
[1mWellington College International Shanghai: 
    Languages available: 
        Languages:  ['en', 'arz', 'zh']
    Latest revisions: 
        Week:  2022-18 Revisions:  1
        Week:  2022-4 Revisions:  1
    Pageviews: 
        Week:  2022-12 Pageviews:  24
        Week:  2022-13 Pageviews:  34
        Week:  2022-14 Pageviews:  34
        Week:  2022-15 Pageviews:  20
        Week:  2022-16 Pageviews:  40
        Week:  2022-17 Pageviews:  39
        Week:  2022-18 Pageviews:  29
        Week:  2022-19 Pageviews:  18
        Week:  2022-20 Pageviews:  17
[1mDulwich College Shanghai: 
    Languages available: 
        Languages:  ['en']
    Latest revisions: 
        Week:  2022-20 Revisions:  2
        Week:  2022-1 Revisions:  2
    Pageviews: 
        Week:  2022-12 Pageviews:  55
        Week:  2022-13 Pageviews:  55
        Week:  2022-14 Pageviews:  51
        Week:  2022-15 Pageviews:  56
        Week:  2022-16 Pageviews:  68
        Week:  2022-17 Pageviews:  64
        Week:  2022-18 Pageviews:  87
        Week:  2022-19 Pageviews:  79
        Week:  2022-20 Pageviews:  80
[1mShanghai Singapore International School: 
    Languages available: 
        Languages:  ['en', 'arz']
    Latest revisions: 
        No Revisions
    Pageviews: 
        Week:  2022-12 Pageviews:  34
        Week:  2022-13 Pageviews:  22
        Week:  2022-14 Pageviews:  38
        Week:  2022-15 Pageviews:  22
        Week:  2022-16 Pageviews:  37
        Week:  2022-17 Pageviews:  33
        Week:  2022-18 Pageviews:  32
        Week:  2022-19 Pageviews:  25
        Week:  2022-20 Pageviews:  23
[1mYew Chung International School of Shanghai: 
    Languages available: 
        Languages:  ['en']
    Latest revisions: 
        Week:  2022-18 Revisions:  2
        Week:  2022-14 Revisions:  2
        Week:  2022-9 Revisions:  1
    Pageviews: 
        Week:  2022-12 Pageviews:  35
        Week:  2022-13 Pageviews:  64
        Week:  2022-14 Pageviews:  73
        Week:  2022-15 Pageviews:  34
        Week:  2022-16 Pageviews:  47
        Week:  2022-17 Pageviews:  68
        Week:  2022-18 Pageviews:  41
        Week:  2022-19 Pageviews:  46
        Week:  2022-20 Pageviews:  30
[1mShekou International School: 
    Languages available: 
        Languages:  ['en', 'arz']
    Latest revisions: 
        Week:  2022-19 Revisions:  1
    Pageviews: 
        Week:  2022-12 Pageviews:  17
        Week:  2022-13 Pageviews:  28
        Week:  2022-14 Pageviews:  30
        Week:  2022-15 Pageviews:  34
        Week:  2022-16 Pageviews:  27
        Week:  2022-17 Pageviews:  52
        Week:  2022-18 Pageviews:  26
        Week:  2022-19 Pageviews:  29
        Week:  2022-20 Pageviews:  28
[1mShen Wai International School: 
    Languages available: 
        Languages:  ['en', 'arz']
    Latest revisions: 
        No Revisions
    Pageviews: 
        Week:  2022-12 Pageviews:  6
        Week:  2022-13 Pageviews:  13
        Week:  2022-14 Pageviews:  25
        Week:  2022-15 Pageviews:  19
        Week:  2022-16 Pageviews:  3
        Week:  2022-17 Pageviews:  8
        Week:  2022-18 Pageviews:  17
        Week:  2022-19 Pageviews:  9
        Week:  2022-20 Pageviews:  8
[1mAmerican International School of Guangzhou: 
    Languages available: 
        Languages:  ['en', 'zh', 'zh-yue']
    Latest revisions: 
        Week:  2022-18 Revisions:  5
    Pageviews: 
        Week:  2022-12 Pageviews:  53
        Week:  2022-13 Pageviews:  22
        Week:  2022-14 Pageviews:  33
        Week:  2022-15 Pageviews:  33
        Week:  2022-16 Pageviews:  42
        Week:  2022-17 Pageviews:  22
        Week:  2022-18 Pageviews:  44
        Week:  2022-19 Pageviews:  30
        Week:  2022-20 Pageviews:  31
[1mBritish School of Guangzhou: 
    Languages available: 
        Languages:  ['en', 'arz', 'zh-yue']
    Latest revisions: 
        Week:  2022-13 Revisions:  1
        Week:  2022-9 Revisions:  1
        Week:  2022-7 Revisions:  3
    Pageviews: 
        Week:  2022-12 Pageviews:  3
        Week:  2022-13 Pageviews:  10
        Week:  2022-14 Pageviews:  8
        Week:  2022-15 Pageviews:  18
        Week:  2022-16 Pageviews:  11
        Week:  2022-17 Pageviews:  18
        Week:  2022-18 Pageviews:  22
        Week:  2022-19 Pageviews:  19
        Week:  2022-20 Pageviews:  15
[1mWellington College International Tianjin: 
    Languages available: 
        Languages:  ['en']
    Latest revisions: 
        Week:  2022-9 Revisions:  1
    Pageviews: 
        Week:  2022-12 Pageviews:  26
        Week:  2022-13 Pageviews:  10
        Week:  2022-14 Pageviews:  11
        Week:  2022-15 Pageviews:  6
        Week:  2022-16 Pageviews:  9
        Week:  2022-17 Pageviews:  16
        Week:  2022-18 Pageviews:  12
        Week:  2022-19 Pageviews:  5
        Week:  2022-20 Pageviews:  9
[1mDulwich College Suzhou: 
    Languages available: 
        Languages:  ['en', 'arz']
    Latest revisions: 
        Week:  2022-18 Revisions:  1
    Pageviews: 
        Week:  2022-12 Pageviews:  43
        Week:  2022-13 Pageviews:  43
        Week:  2022-14 Pageviews:  37
        Week:  2022-15 Pageviews:  45
        Week:  2022-16 Pageviews:  20
        Week:  2022-17 Pageviews:  43
        Week:  2022-18 Pageviews:  39
        Week:  2022-19 Pageviews:  50
        Week:  2022-20 Pageviews:  33
[1mNanjing International School: 
    Languages available: 
        Languages:  ['en', 'ar', 'arz']
    Latest revisions: 
        No Revisions
    Pageviews: 
        Week:  2022-12 Pageviews:  11
        Week:  2022-13 Pageviews:  12
        Week:  2022-14 Pageviews:  21
        Week:  2022-15 Pageviews:  15
        Week:  2022-16 Pageviews:  20
        Week:  2022-17 Pageviews:  20
        Week:  2022-18 Pageviews:  12
        Week:  2022-19 Pageviews:  8
        Week:  2022-20 Pageviews:  16
